12-05-2021 01:13:48.788: Peer 1003 makes a connection to Peer 1001.
12-05-2021 01:13:48.789: Peer 1003 makes a connection to Peer 1002.
12-05-2021 01:13:48.794: Peer 1003 has the optimistically unchoked neighbor .
12-05-2021 01:13:48.794: Peer 1003 has the preferred neighbor.
12-05-2021 01:13:48.794: Peer 1003 has the preferred neighbor.
12-05-2021 01:13:49.777: Peer 1003 is connected from Peer 1001.
12-05-2021 01:13:49.799: Peer 1003 is connected from Peer 1002.
12-05-2021 01:13:49.833: Peer 1003 received the ‘not interested’ message from 1001.
12-05-2021 01:13:49.834: Peer 1003 received the ‘not interested’ message from 1002.
12-05-2021 01:13:53.766: Peer 1003 is unchoked by 1001.
12-05-2021 01:13:53.810: Peer 1003 has the preferred neighbor.
12-05-2021 01:13:53.811: Peer 1003 has the preferred neighbor.
12-05-2021 01:13:53.864: Peer 1003 received the ‘have’ message from 1002 for the piece 140.
12-05-2021 01:13:53.905: Peer 1003 has downloaded the piece 121 from 1001. Now the number of pieces it has is 1.
12-05-2021 01:13:53.924: Peer 1003 received the ‘interested’ message from 1002.
12-05-2021 01:13:54.018: Peer 1003 received the ‘have’ message from 1002 for the piece 158.
12-05-2021 01:13:54.152: Peer 1003 has downloaded the piece 131 from 1001. Now the number of pieces it has is 2.
12-05-2021 01:13:54.170: Peer 1003 received the ‘interested’ message from 1002.
12-05-2021 01:13:54.209: Peer 1003 received the ‘have’ message from 1002 for the piece 96.
12-05-2021 01:13:54.325: Peer 1003 received the ‘have’ message from 1002 for the piece 166.
12-05-2021 01:13:54.356: Peer 1003 has downloaded the piece 64 from 1001. Now the number of pieces it has is 3.
12-05-2021 01:13:54.371: Peer 1003 received the ‘interested’ message from 1002.
12-05-2021 01:13:54.450: Peer 1003 received the ‘have’ message from 1002 for the piece 72.
12-05-2021 01:13:54.501: Peer 1003 has downloaded the piece 87 from 1001. Now the number of pieces it has is 4.
12-05-2021 01:13:54.520: Peer 1003 received the ‘interested’ message from 1002.
12-05-2021 01:13:54.675: Peer 1003 received the ‘have’ message from 1002 for the piece 85.
12-05-2021 01:13:54.687: Peer 1003 has downloaded the piece 171 from 1001. Now the number of pieces it has is 5.
12-05-2021 01:13:54.696: Peer 1003 received the ‘interested’ message from 1002.
12-05-2021 01:13:54.836: Peer 1003 received the ‘have’ message from 1002 for the piece 61.
12-05-2021 01:13:54.942: Peer 1003 has downloaded the piece 47 from 1001. Now the number of pieces it has is 6.
12-05-2021 01:13:54.956: Peer 1003 received the ‘interested’ message from 1002.
12-05-2021 01:13:54.978: Peer 1003 received the ‘have’ message from 1002 for the piece 183.
12-05-2021 01:13:55.091: Peer 1003 has downloaded the piece 12 from 1001. Now the number of pieces it has is 7.
12-05-2021 01:13:55.107: Peer 1003 received the ‘interested’ message from 1002.
12-05-2021 01:13:55.118: Peer 1003 received the ‘have’ message from 1002 for the piece 130.
12-05-2021 01:13:55.231: Peer 1003 has downloaded the piece 134 from 1001. Now the number of pieces it has is 8.
12-05-2021 01:13:55.248: Peer 1003 received the ‘interested’ message from 1002.
12-05-2021 01:13:55.286: Peer 1003 received the ‘have’ message from 1002 for the piece 16.
12-05-2021 01:13:55.359: Peer 1003 has downloaded the piece 117 from 1001. Now the number of pieces it has is 9.
12-05-2021 01:13:55.371: Peer 1003 received the ‘interested’ message from 1002.
12-05-2021 01:13:55.446: Peer 1003 received the ‘have’ message from 1002 for the piece 80.
12-05-2021 01:13:55.516: Peer 1003 has downloaded the piece 157 from 1001. Now the number of pieces it has is 10.
12-05-2021 01:13:55.531: Peer 1003 received the ‘interested’ message from 1002.
12-05-2021 01:13:55.570: Peer 1003 received the ‘have’ message from 1002 for the piece 163.
12-05-2021 01:13:55.650: Peer 1003 has downloaded the piece 23 from 1001. Now the number of pieces it has is 11.
12-05-2021 01:13:55.666: Peer 1003 received the ‘interested’ message from 1002.
12-05-2021 01:13:55.676: Peer 1003 received the ‘have’ message from 1002 for the piece 111.
12-05-2021 01:13:55.783: Peer 1003 has downloaded the piece 89 from 1001. Now the number of pieces it has is 12.
12-05-2021 01:13:55.796: Peer 1003 received the ‘interested’ message from 1002.
12-05-2021 01:13:55.814: Peer 1003 received the ‘have’ message from 1002 for the piece 187.
12-05-2021 01:13:55.930: Peer 1003 has downloaded the piece 165 from 1001. Now the number of pieces it has is 13.
12-05-2021 01:13:55.932: Peer 1003 received the ‘have’ message from 1002 for the piece 153.
12-05-2021 01:13:55.943: Peer 1003 received the ‘interested’ message from 1002.
12-05-2021 01:13:56.032: Peer 1003 received the ‘have’ message from 1002 for the piece 93.
12-05-2021 01:13:56.053: Peer 1003 has downloaded the piece 66 from 1001. Now the number of pieces it has is 14.
12-05-2021 01:13:56.065: Peer 1003 received the ‘interested’ message from 1002.
12-05-2021 01:13:56.167: Peer 1003 received the ‘have’ message from 1002 for the piece 143.
12-05-2021 01:13:56.211: Peer 1003 has downloaded the piece 124 from 1001. Now the number of pieces it has is 15.
12-05-2021 01:13:56.222: Peer 1003 received the ‘interested’ message from 1002.
12-05-2021 01:13:56.311: Peer 1003 received the ‘have’ message from 1002 for the piece 108.
12-05-2021 01:13:56.356: Peer 1003 has downloaded the piece 145 from 1001. Now the number of pieces it has is 16.
12-05-2021 01:13:56.370: Peer 1003 received the ‘interested’ message from 1002.
12-05-2021 01:13:56.469: Peer 1003 received the ‘have’ message from 1002 for the piece 98.
12-05-2021 01:13:56.481: Peer 1003 has downloaded the piece 65 from 1001. Now the number of pieces it has is 17.
12-05-2021 01:13:56.493: Peer 1003 received the ‘interested’ message from 1002.
12-05-2021 01:13:56.585: Peer 1003 received the ‘have’ message from 1002 for the piece 106.
12-05-2021 01:13:56.611: Peer 1003 has downloaded the piece 180 from 1001. Now the number of pieces it has is 18.
12-05-2021 01:13:56.623: Peer 1003 received the ‘interested’ message from 1002.
12-05-2021 01:13:56.715: Peer 1003 received the ‘have’ message from 1002 for the piece 132.
12-05-2021 01:13:56.732: Peer 1003 has downloaded the piece 100 from 1001. Now the number of pieces it has is 19.
12-05-2021 01:13:56.748: Peer 1003 received the ‘interested’ message from 1002.
12-05-2021 01:13:56.836: Peer 1003 received the ‘have’ message from 1002 for the piece 78.
12-05-2021 01:13:56.876: Peer 1003 has downloaded the piece 26 from 1001. Now the number of pieces it has is 20.
12-05-2021 01:13:56.892: Peer 1003 received the ‘interested’ message from 1002.
12-05-2021 01:13:57.003: Peer 1003 received the ‘have’ message from 1002 for the piece 175.
12-05-2021 01:13:57.023: Peer 1003 has downloaded the piece 107 from 1001. Now the number of pieces it has is 21.
12-05-2021 01:13:57.045: Peer 1003 received the ‘interested’ message from 1002.
12-05-2021 01:13:57.126: Peer 1003 received the ‘have’ message from 1002 for the piece 86.
12-05-2021 01:13:57.197: Peer 1003 has downloaded the piece 60 from 1001. Now the number of pieces it has is 22.
12-05-2021 01:13:57.210: Peer 1003 received the ‘interested’ message from 1002.
12-05-2021 01:13:57.253: Peer 1003 received the ‘have’ message from 1002 for the piece 88.
12-05-2021 01:13:57.344: Peer 1003 has downloaded the piece 19 from 1001. Now the number of pieces it has is 23.
12-05-2021 01:13:57.384: Peer 1003 received the ‘interested’ message from 1002.
12-05-2021 01:13:57.388: Peer 1003 received the ‘have’ message from 1002 for the piece 76.
12-05-2021 01:13:57.476: Peer 1003 has downloaded the piece 63 from 1001. Now the number of pieces it has is 24.
12-05-2021 01:13:57.501: Peer 1003 received the ‘interested’ message from 1002.
12-05-2021 01:13:57.531: Peer 1003 received the ‘have’ message from 1002 for the piece 122.
12-05-2021 01:13:57.619: Peer 1003 has downloaded the piece 50 from 1001. Now the number of pieces it has is 25.
12-05-2021 01:13:57.640: Peer 1003 received the ‘interested’ message from 1002.
12-05-2021 01:13:57.664: Peer 1003 received the ‘have’ message from 1002 for the piece 157.
12-05-2021 01:13:57.742: Peer 1003 has downloaded the piece 174 from 1001. Now the number of pieces it has is 26.
12-05-2021 01:13:57.767: Peer 1003 received the ‘interested’ message from 1002.
12-05-2021 01:13:57.790: Peer 1003 received the ‘have’ message from 1002 for the piece 50.
12-05-2021 01:13:57.872: Peer 1003 has downloaded the piece 73 from 1001. Now the number of pieces it has is 27.
12-05-2021 01:13:57.906: Peer 1003 received the ‘interested’ message from 1002.
12-05-2021 01:13:57.912: Peer 1003 received the ‘have’ message from 1002 for the piece 134.
12-05-2021 01:13:57.992: Peer 1003 has downloaded the piece 185 from 1001. Now the number of pieces it has is 28.
12-05-2021 01:13:58.004: Peer 1003 received the ‘interested’ message from 1002.
12-05-2021 01:13:58.061: Peer 1003 received the ‘have’ message from 1002 for the piece 18.
12-05-2021 01:13:58.141: Peer 1003 has downloaded the piece 88 from 1001. Now the number of pieces it has is 29.
12-05-2021 01:13:58.151: Peer 1003 received the ‘not interested’ message from 1002.
12-05-2021 01:13:58.209: Peer 1003 received the ‘have’ message from 1002 for the piece 89.
12-05-2021 01:13:58.300: Peer 1003 has downloaded the piece 81 from 1001. Now the number of pieces it has is 30.
12-05-2021 01:13:58.313: Peer 1003 received the ‘interested’ message from 1002.
12-05-2021 01:13:58.349: Peer 1003 received the ‘have’ message from 1002 for the piece 66.
12-05-2021 01:13:58.444: Peer 1003 has downloaded the piece 20 from 1001. Now the number of pieces it has is 31.
12-05-2021 01:13:58.464: Peer 1003 received the ‘interested’ message from 1002.
12-05-2021 01:13:58.490: Peer 1003 received the ‘have’ message from 1002 for the piece 74.
12-05-2021 01:13:58.590: Peer 1003 has downloaded the piece 41 from 1001. Now the number of pieces it has is 32.
12-05-2021 01:13:58.615: Peer 1003 received the ‘interested’ message from 1002.
12-05-2021 01:13:58.627: Peer 1003 received the ‘have’ message from 1002 for the piece 191.
12-05-2021 01:13:58.738: Peer 1003 has downloaded the piece 103 from 1001. Now the number of pieces it has is 33.
12-05-2021 01:13:58.746: Peer 1003 received the ‘have’ message from 1002 for the piece 133.
12-05-2021 01:13:58.748: Peer 1003 received the ‘interested’ message from 1002.
12-05-2021 01:13:58.787: Peer 1003 has the preferred neighbors 1002.
12-05-2021 01:13:58.794: Peer 1003 has the preferred neighbors 1002.
12-05-2021 01:13:58.796: Peer 1003 is unchoked by 1002.
12-05-2021 01:13:58.874: Peer 1003 has downloaded the piece 132 from 1002. Now the number of pieces it has is 34.
12-05-2021 01:13:58.907: Peer 1003 has downloaded the piece 153 from 1001. Now the number of pieces it has is 35.
12-05-2021 01:13:59.025: Peer 1003 received the ‘have’ message from 1002 for the piece 103.
12-05-2021 01:13:59.030: Peer 1003 received the ‘have’ message from 1002 for the piece 185.
12-05-2021 01:13:59.074: Peer 1003 received the ‘not interested’ message from 1002.
12-05-2021 01:13:59.077: Peer 1003 received the ‘not interested’ message from 1002.
12-05-2021 01:13:59.129: Peer 1003 has downloaded the piece 96 from 1002. Now the number of pieces it has is 36.
12-05-2021 01:13:59.160: Peer 1003 has downloaded the piece 99 from 1001. Now the number of pieces it has is 37.
12-05-2021 01:13:59.311: Peer 1003 received the ‘have’ message from 1002 for the piece 81.
12-05-2021 01:13:59.318: Peer 1003 received the ‘have’ message from 1002 for the piece 125.
12-05-2021 01:13:59.373: Peer 1003 received the ‘not interested’ message from 1002.
12-05-2021 01:13:59.377: Peer 1003 received the ‘interested’ message from 1002.
12-05-2021 01:13:59.429: Peer 1003 has downloaded the piece 106 from 1002. Now the number of pieces it has is 38.
12-05-2021 01:13:59.432: Peer 1003 has downloaded the piece 160 from 1001. Now the number of pieces it has is 39.
12-05-2021 01:13:59.605: Peer 1003 received the ‘have’ message from 1002 for the piece 63.
12-05-2021 01:13:59.612: Peer 1003 received the ‘have’ message from 1002 for the piece 120.
12-05-2021 01:13:59.653: Peer 1003 received the ‘not interested’ message from 1002.
12-05-2021 01:13:59.678: Peer 1003 has downloaded the piece 110 from 1001. Now the number of pieces it has is 40.
12-05-2021 01:13:59.697: Peer 1003 has downloaded the piece 18 from 1002. Now the number of pieces it has is 41.
12-05-2021 01:13:59.860: Peer 1003 received the ‘have’ message from 1002 for the piece 60.
12-05-2021 01:13:59.865: Peer 1003 received the ‘have’ message from 1002 for the piece 135.
12-05-2021 01:13:59.935: Peer 1003 received the ‘interested’ message from 1002.
12-05-2021 01:13:59.938: Peer 1003 received the ‘not interested’ message from 1002.
12-05-2021 01:13:59.954: Peer 1003 has downloaded the piece 56 from 1001. Now the number of pieces it has is 42.
12-05-2021 01:13:59.956: Peer 1003 has downloaded the piece 111 from 1002. Now the number of pieces it has is 43.
12-05-2021 01:14:00.126: Peer 1003 received the ‘have’ message from 1002 for the piece 44.
12-05-2021 01:14:00.129: Peer 1003 received the ‘have’ message from 1002 for the piece 65.
12-05-2021 01:14:00.142: Peer 1003 received the ‘interested’ message from 1002.
12-05-2021 01:14:00.164: Peer 1003 received the ‘not interested’ message from 1002.
12-05-2021 01:14:00.208: Peer 1003 has downloaded the piece 72 from 1002. Now the number of pieces it has is 44.
12-05-2021 01:14:00.245: Peer 1003 has downloaded the piece 52 from 1001. Now the number of pieces it has is 45.
12-05-2021 01:14:00.342: Peer 1003 received the ‘not interested’ message from 1002.
12-05-2021 01:14:00.345: Peer 1003 received the ‘interested’ message from 1002.
12-05-2021 01:14:00.360: Peer 1003 received the ‘have’ message from 1002 for the piece 31.
12-05-2021 01:14:00.368: Peer 1003 received the ‘have’ message from 1002 for the piece 180.
12-05-2021 01:14:00.375: Peer 1003 received the ‘have’ message from 1002 for the piece 87.
12-05-2021 01:14:00.434: Peer 1003 has downloaded the piece 143 from 1002. Now the number of pieces it has is 46.
12-05-2021 01:14:00.485: Peer 1003 has downloaded the piece 15 from 1001. Now the number of pieces it has is 47.
12-05-2021 01:14:00.555: Peer 1003 received the ‘have’ message from 1002 for the piece 34.
12-05-2021 01:14:00.591: Peer 1003 received the ‘not interested’ message from 1002.
12-05-2021 01:14:00.610: Peer 1003 received the ‘interested’ message from 1002.
12-05-2021 01:14:00.619: Peer 1003 has downloaded the piece 175 from 1002. Now the number of pieces it has is 48.
12-05-2021 01:14:00.682: Peer 1003 has downloaded the piece 188 from 1001. Now the number of pieces it has is 49.
12-05-2021 01:14:00.751: Peer 1003 received the ‘have’ message from 1002 for the piece 12.
12-05-2021 01:14:00.758: Peer 1003 received the ‘have’ message from 1002 for the piece 114.
12-05-2021 01:14:00.814: Peer 1003 has downloaded the piece 183 from 1002. Now the number of pieces it has is 50.
12-05-2021 01:14:00.830: Peer 1003 received the ‘not interested’ message from 1002.
12-05-2021 01:14:00.844: Peer 1003 received the ‘interested’ message from 1002.
12-05-2021 01:14:00.862: Peer 1003 has downloaded the piece 181 from 1001. Now the number of pieces it has is 51.
12-05-2021 01:14:00.941: Peer 1003 received the ‘have’ message from 1002 for the piece 131.
12-05-2021 01:14:00.946: Peer 1003 received the ‘have’ message from 1002 for the piece 92.
12-05-2021 01:14:01.020: Peer 1003 has downloaded the piece 80 from 1002. Now the number of pieces it has is 52.
12-05-2021 01:14:01.073: Peer 1003 has downloaded the piece 5 from 1001. Now the number of pieces it has is 53.
12-05-2021 01:14:01.076: Peer 1003 received the ‘not interested’ message from 1002.
12-05-2021 01:14:01.077: Peer 1003 received the ‘interested’ message from 1002.
12-05-2021 01:14:01.180: Peer 1003 received the ‘have’ message from 1002 for the piece 142.
12-05-2021 01:14:01.253: Peer 1003 has downloaded the piece 108 from 1002. Now the number of pieces it has is 54.
12-05-2021 01:14:01.312: Peer 1003 has downloaded the piece 84 from 1001. Now the number of pieces it has is 55.
12-05-2021 01:14:01.335: Peer 1003 received the ‘interested’ message from 1002.
12-05-2021 01:14:01.336: Peer 1003 received the ‘not interested’ message from 1002.
12-05-2021 01:14:01.414: Peer 1003 received the ‘have’ message from 1002 for the piece 154.
12-05-2021 01:14:01.421: Peer 1003 received the ‘have’ message from 1002 for the piece 73.
12-05-2021 01:14:01.500: Peer 1003 has downloaded the piece 76 from 1002. Now the number of pieces it has is 56.
12-05-2021 01:14:01.528: Peer 1003 has downloaded the piece 93 from 1001. Now the number of pieces it has is 57.
12-05-2021 01:14:01.581: Peer 1003 received the ‘interested’ message from 1002.
12-05-2021 01:14:01.583: Peer 1003 received the ‘not interested’ message from 1002.
12-05-2021 01:14:01.669: Peer 1003 received the ‘have’ message from 1002 for the piece 127.
12-05-2021 01:14:01.675: Peer 1003 received the ‘have’ message from 1002 for the piece 99.
12-05-2021 01:14:01.709: Peer 1003 has downloaded the piece 163 from 1002. Now the number of pieces it has is 58.
12-05-2021 01:14:01.785: Peer 1003 has downloaded the piece 92 from 1001. Now the number of pieces it has is 59.
12-05-2021 01:14:01.832: Peer 1003 received the ‘not interested’ message from 1002.
12-05-2021 01:14:01.834: Peer 1003 received the ‘not interested’ message from 1002.
12-05-2021 01:14:01.838: Peer 1003 received the ‘have’ message from 1002 for the piece 27.
12-05-2021 01:14:01.838: Peer 1003 received the ‘not interested’ message from 1002.
12-05-2021 01:14:01.943: Peer 1003 has downloaded the piece 127 from 1002. Now the number of pieces it has is 60.
12-05-2021 01:14:02.010: Peer 1003 has downloaded the piece 97 from 1001. Now the number of pieces it has is 61.
12-05-2021 01:14:02.097: Peer 1003 received the ‘have’ message from 1002 for the piece 30.
12-05-2021 01:14:02.098: Peer 1003 received the ‘not interested’ message from 1002.
12-05-2021 01:14:02.104: Peer 1003 received the ‘have’ message from 1002 for the piece 84.
12-05-2021 01:14:02.105: Peer 1003 received the ‘not interested’ message from 1002.
12-05-2021 01:14:02.150: Peer 1003 has downloaded the piece 140 from 1002. Now the number of pieces it has is 62.
12-05-2021 01:14:02.267: Peer 1003 has downloaded the piece 46 from 1001. Now the number of pieces it has is 63.
12-05-2021 01:14:02.268: Peer 1003 received the ‘have’ message from 1002 for the piece 102.
12-05-2021 01:14:02.273: Peer 1003 received the ‘have’ message from 1002 for the piece 117.
12-05-2021 01:14:02.350: Peer 1003 has downloaded the piece 27 from 1002. Now the number of pieces it has is 64.
12-05-2021 01:14:02.360: Peer 1003 received the ‘interested’ message from 1002.
12-05-2021 01:14:02.380: Peer 1003 received the ‘not interested’ message from 1002.
12-05-2021 01:14:02.383: Peer 1003 received the ‘interested’ message from 1002.
12-05-2021 01:14:02.505: Peer 1003 received the ‘have’ message from 1002 for the piece 164.
12-05-2021 01:14:02.508: Peer 1003 has downloaded the piece 71 from 1001. Now the number of pieces it has is 65.
12-05-2021 01:14:02.510: Peer 1003 received the ‘have’ message from 1002 for the piece 100.
12-05-2021 01:14:02.515: Peer 1003 received the ‘have’ message from 1002 for the piece 147.
12-05-2021 01:14:02.580: Peer 1003 received the ‘not interested’ message from 1002.
12-05-2021 01:14:02.585: Peer 1003 received the ‘interested’ message from 1002.
12-05-2021 01:14:02.588: Peer 1003 has downloaded the piece 78 from 1002. Now the number of pieces it has is 66.
12-05-2021 01:14:02.729: Peer 1003 received the ‘have’ message from 1002 for the piece 188.
12-05-2021 01:14:02.743: Peer 1003 received the ‘have’ message from 1002 for the piece 162.
12-05-2021 01:14:02.759: Peer 1003 has downloaded the piece 55 from 1001. Now the number of pieces it has is 67.
12-05-2021 01:14:02.781: Peer 1003 received the ‘not interested’ message from 1002.
12-05-2021 01:14:02.814: Peer 1003 has downloaded the piece 130 from 1002. Now the number of pieces it has is 68.
12-05-2021 01:14:02.968: Peer 1003 received the ‘have’ message from 1002 for the piece 56.
12-05-2021 01:14:02.974: Peer 1003 received the ‘have’ message from 1002 for the piece 57.
12-05-2021 01:14:02.974: Peer 1003 has downloaded the piece 77 from 1001. Now the number of pieces it has is 69.
12-05-2021 01:14:03.018: Peer 1003 received the ‘interested’ message from 1002.
12-05-2021 01:14:03.021: Peer 1003 received the ‘not interested’ message from 1002.
12-05-2021 01:14:03.048: Peer 1003 has downloaded the piece 85 from 1002. Now the number of pieces it has is 70.
12-05-2021 01:14:03.202: Peer 1003 received the ‘have’ message from 1002 for the piece 110.
12-05-2021 01:14:03.208: Peer 1003 received the ‘have’ message from 1002 for the piece 121.
12-05-2021 01:14:03.211: Peer 1003 has downloaded the piece 53 from 1001. Now the number of pieces it has is 71.
12-05-2021 01:14:03.252: Peer 1003 received the ‘interested’ message from 1002.
12-05-2021 01:14:03.254: Peer 1003 has downloaded the piece 166 from 1002. Now the number of pieces it has is 72.
12-05-2021 01:14:03.255: Peer 1003 received the ‘not interested’ message from 1002.
12-05-2021 01:14:03.389: Peer 1003 received the ‘have’ message from 1002 for the piece 23.
12-05-2021 01:14:03.403: Peer 1003 received the ‘have’ message from 1002 for the piece 168.
12-05-2021 01:14:03.433: Peer 1003 has downloaded the piece 31 from 1001. Now the number of pieces it has is 73.
12-05-2021 01:14:03.453: Peer 1003 received the ‘interested’ message from 1002.
12-05-2021 01:14:03.457: Peer 1003 received the ‘not interested’ message from 1002.
12-05-2021 01:14:03.460: Peer 1003 has downloaded the piece 44 from 1002. Now the number of pieces it has is 74.
12-05-2021 01:14:03.613: Peer 1003 received the ‘have’ message from 1002 for the piece 165.
12-05-2021 01:14:03.618: Peer 1003 received the ‘have’ message from 1002 for the piece 17.
12-05-2021 01:14:03.653: Peer 1003 received the ‘not interested’ message from 1002.
12-05-2021 01:14:03.659: Peer 1003 received the ‘not interested’ message from 1002.
12-05-2021 01:14:03.666: Peer 1003 has downloaded the piece 62 from 1001. Now the number of pieces it has is 75.
12-05-2021 01:14:03.696: Peer 1003 has downloaded the piece 102 from 1002. Now the number of pieces it has is 76.
12-05-2021 01:14:03.786: Peer 1003 has the preferred neighbor.
12-05-2021 01:14:03.795: Peer 1003 has the preferred neighbor.
12-05-2021 01:14:03.856: Peer 1003 received the ‘interested’ message from 1002.
12-05-2021 01:14:03.860: Peer 1003 received the ‘have’ message from 1002 for the piece 77.
12-05-2021 01:14:03.872: Peer 1003 received the ‘not interested’ message from 1002.
12-05-2021 01:14:03.882: Peer 1003 received the ‘have’ message from 1002 for the piece 174.
12-05-2021 01:14:03.885: Peer 1003 received the ‘have’ message from 1002 for the piece 171.
12-05-2021 01:14:03.927: Peer 1003 has downloaded the piece 101 from 1001. Now the number of pieces it has is 77.
12-05-2021 01:14:03.939: Peer 1003 has downloaded the piece 16 from 1002. Now the number of pieces it has is 78.
12-05-2021 01:14:04.072: Peer 1003 received the ‘interested’ message from 1002.
12-05-2021 01:14:04.075: Peer 1003 received the ‘not interested’ message from 1002.
12-05-2021 01:14:04.087: Peer 1003 received the ‘have’ message from 1002 for the piece 179.
12-05-2021 01:14:04.092: Peer 1003 received the ‘have’ message from 1002 for the piece 124.
12-05-2021 01:14:04.125: Peer 1003 has downloaded the piece 147 from 1002. Now the number of pieces it has is 79.
12-05-2021 01:14:04.169: Peer 1003 has downloaded the piece 167 from 1001. Now the number of pieces it has is 80.
12-05-2021 01:14:04.269: Peer 1003 received the ‘have’ message from 1002 for the piece 71.
12-05-2021 01:14:04.286: Peer 1003 received the ‘not interested’ message from 1002.
12-05-2021 01:14:04.290: Peer 1003 received the ‘interested’ message from 1002.
12-05-2021 01:14:04.342: Peer 1003 has downloaded the piece 151 from 1001. Now the number of pieces it has is 81.
12-05-2021 01:14:04.355: Peer 1003 has downloaded the piece 122 from 1002. Now the number of pieces it has is 82.
12-05-2021 01:14:04.483: Peer 1003 received the ‘interested’ message from 1002.
12-05-2021 01:14:04.487: Peer 1003 received the ‘not interested’ message from 1002.
12-05-2021 01:14:04.529: Peer 1003 received the ‘have’ message from 1002 for the piece 26.
12-05-2021 01:14:04.540: Peer 1003 received the ‘have’ message from 1002 for the piece 24.
12-05-2021 01:14:04.542: Peer 1003 has downloaded the piece 49 from 1001. Now the number of pieces it has is 83.
12-05-2021 01:14:04.545: Peer 1003 received the ‘have’ message from 1002 for the piece 167.
12-05-2021 01:14:04.581: Peer 1003 has downloaded the piece 179 from 1002. Now the number of pieces it has is 84.
12-05-2021 01:14:04.697: Peer 1003 received the ‘have’ message from 1002 for the piece 145.
12-05-2021 01:14:04.737: Peer 1003 received the ‘interested’ message from 1002.
12-05-2021 01:14:04.748: Peer 1003 received the ‘not interested’ message from 1002.
12-05-2021 01:14:04.767: Peer 1003 has downloaded the piece 189 from 1001. Now the number of pieces it has is 85.
12-05-2021 01:14:04.771: Peer 1003 has downloaded the piece 57 from 1002. Now the number of pieces it has is 86.
12-05-2021 01:14:04.937: Peer 1003 received the ‘have’ message from 1002 for the piece 19.
12-05-2021 01:14:04.943: Peer 1003 received the ‘have’ message from 1002 for the piece 10.
12-05-2021 01:14:04.949: Peer 1003 has downloaded the piece 149 from 1001. Now the number of pieces it has is 87.
12-05-2021 01:14:04.959: Peer 1003 received the ‘interested’ message from 1002.
12-05-2021 01:14:04.962: Peer 1003 received the ‘not interested’ message from 1002.
12-05-2021 01:14:05.040: Peer 1003 has downloaded the piece 24 from 1002. Now the number of pieces it has is 88.
12-05-2021 01:14:05.168: Peer 1003 has downloaded the piece 82 from 1001. Now the number of pieces it has is 89.
12-05-2021 01:14:05.185: Peer 1003 received the ‘interested’ message from 1002.
12-05-2021 01:14:05.188: Peer 1003 received the ‘not interested’ message from 1002.
12-05-2021 01:14:05.202: Peer 1003 received the ‘have’ message from 1002 for the piece 5.
12-05-2021 01:14:05.209: Peer 1003 received the ‘have’ message from 1002 for the piece 173.
12-05-2021 01:14:05.215: Peer 1003 received the ‘have’ message from 1002 for the piece 62.
12-05-2021 01:14:05.317: Peer 1003 has downloaded the piece 74 from 1002. Now the number of pieces it has is 90.
12-05-2021 01:14:05.425: Peer 1003 has downloaded the piece 45 from 1001. Now the number of pieces it has is 91.
12-05-2021 01:14:05.461: Peer 1003 received the ‘interested’ message from 1002.
12-05-2021 01:14:05.463: Peer 1003 received the ‘have’ message from 1002 for the piece 41.
12-05-2021 01:14:05.465: Peer 1003 received the ‘not interested’ message from 1002.
12-05-2021 01:14:05.469: Peer 1003 received the ‘have’ message from 1002 for the piece 52.
12-05-2021 01:14:05.548: Peer 1003 has downloaded the piece 17 from 1002. Now the number of pieces it has is 92.
12-05-2021 01:14:05.645: Peer 1003 has downloaded the piece 191 from 1001. Now the number of pieces it has is 93.
12-05-2021 01:14:05.700: Peer 1003 received the ‘have’ message from 1002 for the piece 40.
12-05-2021 01:14:05.730: Peer 1003 received the ‘interested’ message from 1002.
12-05-2021 01:14:05.734: Peer 1003 received the ‘not interested’ message from 1002.
12-05-2021 01:14:05.803: Peer 1003 has downloaded the piece 34 from 1002. Now the number of pieces it has is 94.
12-05-2021 01:14:05.880: Peer 1003 has downloaded the piece 36 from 1001. Now the number of pieces it has is 95.
12-05-2021 01:14:05.980: Peer 1003 received the ‘not interested’ message from 1002.
12-05-2021 01:14:05.983: Peer 1003 received the ‘have’ message from 1002 for the piece 0.
12-05-2021 01:14:05.984: Peer 1003 received the ‘not interested’ message from 1002.
12-05-2021 01:14:05.986: Peer 1003 received the ‘interested’ message from 1002.
12-05-2021 01:14:05.987: Peer 1003 received the ‘have’ message from 1002 for the piece 55.
12-05-2021 01:14:05.997: Peer 1003 received the ‘have’ message from 1002 for the piece 139.
12-05-2021 01:14:06.001: Peer 1003 received the ‘have’ message from 1002 for the piece 20.
12-05-2021 01:14:06.067: Peer 1003 has downloaded the piece 98 from 1002. Now the number of pieces it has is 96.
12-05-2021 01:14:06.101: Peer 1003 has downloaded the piece 173 from 1001. Now the number of pieces it has is 97.
12-05-2021 01:14:06.211: Peer 1003 received the ‘have’ message from 1002 for the piece 181.
12-05-2021 01:14:06.265: Peer 1003 received the ‘not interested’ message from 1002.
12-05-2021 01:14:06.271: Peer 1003 received the ‘not interested’ message from 1002.
12-05-2021 01:14:06.280: Peer 1003 has downloaded the piece 135 from 1001. Now the number of pieces it has is 98.
12-05-2021 01:14:06.283: Peer 1003 has downloaded the piece 30 from 1002. Now the number of pieces it has is 99.
12-05-2021 01:14:06.523: Peer 1003 has downloaded the piece 3 from 1001. Now the number of pieces it has is 100.
12-05-2021 01:14:06.530: Peer 1003 received the ‘have’ message from 1002 for the piece 64.
12-05-2021 01:14:06.534: Peer 1003 received the ‘have’ message from 1002 for the piece 91.
12-05-2021 01:14:06.623: Peer 1003 has downloaded the piece 10 from 1002. Now the number of pieces it has is 101.
12-05-2021 01:14:06.625: Peer 1003 received the ‘not interested’ message from 1002.
12-05-2021 01:14:06.627: Peer 1003 received the ‘interested’ message from 1002.
12-05-2021 01:14:06.777: Peer 1003 has downloaded the piece 115 from 1001. Now the number of pieces it has is 102.
12-05-2021 01:14:06.814: Peer 1003 received the ‘have’ message from 1002 for the piece 75.
12-05-2021 01:14:06.819: Peer 1003 received the ‘have’ message from 1002 for the piece 45.
12-05-2021 01:14:06.914: Peer 1003 received the ‘not interested’ message from 1002.
12-05-2021 01:14:06.916: Peer 1003 has downloaded the piece 120 from 1002. Now the number of pieces it has is 103.
12-05-2021 01:14:06.917: Peer 1003 received the ‘interested’ message from 1002.
12-05-2021 01:14:06.993: Peer 1003 has downloaded the piece 172 from 1001. Now the number of pieces it has is 104.
12-05-2021 01:14:07.068: Peer 1003 received the ‘have’ message from 1002 for the piece 33.
12-05-2021 01:14:07.073: Peer 1003 received the ‘have’ message from 1002 for the piece 97.
12-05-2021 01:14:07.122: Peer 1003 has downloaded the piece 133 from 1002. Now the number of pieces it has is 105.
12-05-2021 01:14:07.163: Peer 1003 received the ‘not interested’ message from 1002.
12-05-2021 01:14:07.167: Peer 1003 received the ‘interested’ message from 1002.
12-05-2021 01:14:07.172: Peer 1003 has downloaded the piece 70 from 1001. Now the number of pieces it has is 106.
12-05-2021 01:14:07.248: Peer 1003 received the ‘have’ message from 1002 for the piece 25.
12-05-2021 01:14:07.254: Peer 1003 received the ‘have’ message from 1002 for the piece 46.
12-05-2021 01:14:07.327: Peer 1003 has downloaded the piece 61 from 1002. Now the number of pieces it has is 107.
12-05-2021 01:14:07.405: Peer 1003 received the ‘not interested’ message from 1002.
12-05-2021 01:14:07.410: Peer 1003 received the ‘interested’ message from 1002.
12-05-2021 01:14:07.414: Peer 1003 has downloaded the piece 35 from 1001. Now the number of pieces it has is 108.
12-05-2021 01:14:07.503: Peer 1003 received the ‘have’ message from 1002 for the piece 59.
12-05-2021 01:14:07.509: Peer 1003 received the ‘have’ message from 1002 for the piece 3.
12-05-2021 01:14:07.549: Peer 1003 has downloaded the piece 139 from 1002. Now the number of pieces it has is 109.
12-05-2021 01:14:07.606: Peer 1003 received the ‘not interested’ message from 1002.
12-05-2021 01:14:07.610: Peer 1003 received the ‘interested’ message from 1002.
12-05-2021 01:14:07.617: Peer 1003 received the ‘not interested’ message from 1002.
12-05-2021 01:14:07.635: Peer 1003 has downloaded the piece 125 from 1001. Now the number of pieces it has is 110.
12-05-2021 01:14:07.678: Peer 1003 received the ‘have’ message from 1002 for the piece 42.
12-05-2021 01:14:07.695: Peer 1003 received the ‘have’ message from 1002 for the piece 172.
12-05-2021 01:14:07.766: Peer 1003 has downloaded the piece 86 from 1002. Now the number of pieces it has is 111.
12-05-2021 01:14:07.819: Peer 1003 has downloaded the piece 182 from 1001. Now the number of pieces it has is 112.
12-05-2021 01:14:07.823: Peer 1003 received the ‘not interested’ message from 1002.
12-05-2021 01:14:07.936: Peer 1003 received the ‘have’ message from 1002 for the piece 15.
12-05-2021 01:14:07.946: Peer 1003 received the ‘have’ message from 1002 for the piece 101.
12-05-2021 01:14:08.009: Peer 1003 has downloaded the piece 40 from 1002. Now the number of pieces it has is 113.
12-05-2021 01:14:08.030: Peer 1003 has downloaded the piece 42 from 1001. Now the number of pieces it has is 114.
12-05-2021 01:14:08.074: Peer 1003 received the ‘not interested’ message from 1002.
12-05-2021 01:14:08.075: Peer 1003 received the ‘interested’ message from 1002.
12-05-2021 01:14:08.186: Peer 1003 received the ‘have’ message from 1002 for the piece 58.
12-05-2021 01:14:08.193: Peer 1003 received the ‘have’ message from 1002 for the piece 53.
12-05-2021 01:14:08.252: Peer 1003 has downloaded the piece 0 from 1002. Now the number of pieces it has is 115.
12-05-2021 01:14:08.268: Peer 1003 has downloaded the piece 113 from 1001. Now the number of pieces it has is 116.
12-05-2021 01:14:08.309: Peer 1003 received the ‘not interested’ message from 1002.
12-05-2021 01:14:08.311: Peer 1003 received the ‘not interested’ message from 1002.
12-05-2021 01:14:08.424: Peer 1003 received the ‘have’ message from 1002 for the piece 35.
12-05-2021 01:14:08.434: Peer 1003 received the ‘have’ message from 1002 for the piece 69.
12-05-2021 01:14:08.492: Peer 1003 has downloaded the piece 138 from 1001. Now the number of pieces it has is 117.
12-05-2021 01:14:08.495: Peer 1003 has downloaded the piece 58 from 1002. Now the number of pieces it has is 118.
12-05-2021 01:14:08.523: Peer 1003 received the ‘not interested’ message from 1002.
12-05-2021 01:14:08.524: Peer 1003 received the ‘interested’ message from 1002.
12-05-2021 01:14:08.646: Peer 1003 received the ‘have’ message from 1002 for the piece 151.
12-05-2021 01:14:08.651: Peer 1003 received the ‘have’ message from 1002 for the piece 2.
12-05-2021 01:14:08.665: Peer 1003 has downloaded the piece 146 from 1001. Now the number of pieces it has is 119.
12-05-2021 01:14:08.709: Peer 1003 received the ‘not interested’ message from 1002.
12-05-2021 01:14:08.719: Peer 1003 received the ‘interested’ message from 1002.
12-05-2021 01:14:08.725: Peer 1003 has downloaded the piece 25 from 1002. Now the number of pieces it has is 120.
12-05-2021 01:14:08.784: Peer 1003 has the preferred neighbors 1002.
12-05-2021 01:14:08.795: Peer 1003 has the preferred neighbors 1002.
12-05-2021 01:14:08.889: Peer 1003 received the ‘have’ message from 1002 for the piece 189.
12-05-2021 01:14:08.890: Peer 1003 has downloaded the piece 11 from 1001. Now the number of pieces it has is 121.
12-05-2021 01:14:08.894: Peer 1003 received the ‘have’ message from 1002 for the piece 39.
12-05-2021 01:14:08.920: Peer 1003 received the ‘interested’ message from 1002.
12-05-2021 01:14:08.925: Peer 1003 received the ‘not interested’ message from 1002.
12-05-2021 01:14:08.988: Peer 1003 has downloaded the piece 114 from 1002. Now the number of pieces it has is 122.
12-05-2021 01:14:09.138: Peer 1003 has downloaded the piece 29 from 1001. Now the number of pieces it has is 123.
12-05-2021 01:14:09.161: Peer 1003 received the ‘have’ message from 1002 for the piece 49.
12-05-2021 01:14:09.165: Peer 1003 received the ‘have’ message from 1002 for the piece 47.
12-05-2021 01:14:09.170: Peer 1003 received the ‘have’ message from 1002 for the piece 149.
12-05-2021 01:14:09.200: Peer 1003 received the ‘interested’ message from 1002.
12-05-2021 01:14:09.243: Peer 1003 has downloaded the piece 2 from 1002. Now the number of pieces it has is 124.
12-05-2021 01:14:09.349: Peer 1003 received the ‘not interested’ message from 1002.
12-05-2021 01:14:09.414: Peer 1003 has downloaded the piece 28 from 1001. Now the number of pieces it has is 125.
12-05-2021 01:14:09.425: Peer 1003 received the ‘have’ message from 1002 for the piece 113.
12-05-2021 01:14:09.430: Peer 1003 received the ‘have’ message from 1002 for the piece 109.
12-05-2021 01:14:09.522: Peer 1003 has downloaded the piece 33 from 1002. Now the number of pieces it has is 126.
12-05-2021 01:14:09.557: Peer 1003 received the ‘interested’ message from 1002.
12-05-2021 01:14:09.684: Peer 1003 has downloaded the piece 4 from 1001. Now the number of pieces it has is 127.
12-05-2021 01:14:09.687: Peer 1003 received the ‘have’ message from 1002 for the piece 70.
12-05-2021 01:14:09.691: Peer 1003 received the ‘have’ message from 1002 for the piece 190.
12-05-2021 01:14:09.694: Peer 1003 received the ‘have’ message from 1002 for the piece 11.
12-05-2021 01:14:09.742: Peer 1003 received the ‘not interested’ message from 1002.
12-05-2021 01:14:09.745: Peer 1003 received the ‘interested’ message from 1002.
12-05-2021 01:14:09.788: Peer 1003 has downloaded the piece 109 from 1002. Now the number of pieces it has is 128.
12-05-2021 01:14:09.945: Peer 1003 received the ‘not interested’ message from 1002.
12-05-2021 01:14:09.971: Peer 1003 has downloaded the piece 8 from 1001. Now the number of pieces it has is 129.
12-05-2021 01:14:09.977: Peer 1003 received the ‘have’ message from 1002 for the piece 144.
12-05-2021 01:14:09.982: Peer 1003 received the ‘have’ message from 1002 for the piece 115.
12-05-2021 01:14:09.985: Peer 1003 received the ‘have’ message from 1002 for the piece 1.
12-05-2021 01:14:10.028: Peer 1003 has downloaded the piece 164 from 1002. Now the number of pieces it has is 130.
12-05-2021 01:14:10.080: Peer 1003 received the ‘interested’ message from 1002.
12-05-2021 01:14:10.083: Peer 1003 received the ‘not interested’ message from 1002.
12-05-2021 01:14:10.169: Peer 1003 received the ‘have’ message from 1002 for the piece 82.
12-05-2021 01:14:10.207: Peer 1003 has downloaded the piece 14 from 1001. Now the number of pieces it has is 131.
12-05-2021 01:14:10.225: Peer 1003 has downloaded the piece 162 from 1002. Now the number of pieces it has is 132.
12-05-2021 01:14:10.285: Peer 1003 received the ‘interested’ message from 1002.
12-05-2021 01:14:10.362: Peer 1003 received the ‘have’ message from 1002 for the piece 182.
12-05-2021 01:14:10.366: Peer 1003 received the ‘have’ message from 1002 for the piece 21.
12-05-2021 01:14:10.370: Peer 1003 received the ‘have’ message from 1002 for the piece 4.
12-05-2021 01:14:10.412: Peer 1003 received the ‘not interested’ message from 1002.
12-05-2021 01:14:10.461: Peer 1003 has downloaded the piece 59 from 1002. Now the number of pieces it has is 133.
12-05-2021 01:14:10.474: Peer 1003 has downloaded the piece 22 from 1001. Now the number of pieces it has is 134.
12-05-2021 01:14:10.616: Peer 1003 received the ‘interested’ message from 1002.
12-05-2021 01:14:10.619: Peer 1003 received the ‘not interested’ message from 1002.
12-05-2021 01:14:10.638: Peer 1003 received the ‘have’ message from 1002 for the piece 32.
12-05-2021 01:14:10.643: Peer 1003 received the ‘have’ message from 1002 for the piece 146.
12-05-2021 01:14:10.680: Peer 1003 has downloaded the piece 168 from 1002. Now the number of pieces it has is 135.
12-05-2021 01:14:10.683: Peer 1003 has downloaded the piece 156 from 1001. Now the number of pieces it has is 136.
12-05-2021 01:14:10.780: Peer 1003 received the ‘not interested’ message from 1002.
12-05-2021 01:14:10.782: Peer 1003 received the ‘interested’ message from 1002.
12-05-2021 01:14:10.816: Peer 1003 received the ‘have’ message from 1002 for the piece 90.
12-05-2021 01:14:10.819: Peer 1003 received the ‘have’ message from 1002 for the piece 29.
12-05-2021 01:14:10.869: Peer 1003 has downloaded the piece 144 from 1002. Now the number of pieces it has is 137.
12-05-2021 01:14:10.876: Peer 1003 has downloaded the piece 144 from 1001. Now the number of pieces it has is 137.
12-05-2021 01:14:10.972: Peer 1003 received the ‘not interested’ message from 1002.
12-05-2021 01:14:11.007: Peer 1003 received the ‘have’ message from 1002 for the piece 28.
12-05-2021 01:14:11.010: Peer 1003 received the ‘have’ message from 1002 for the piece 160.
12-05-2021 01:14:11.089: Peer 1003 has downloaded the piece 90 from 1002. Now the number of pieces it has is 138.
12-05-2021 01:14:11.091: Peer 1003 has downloaded the piece 91 from 1001. Now the number of pieces it has is 139.
12-05-2021 01:14:11.198: Peer 1003 received the ‘interested’ message from 1002.
12-05-2021 01:14:11.200: Peer 1003 received the ‘not interested’ message from 1002.
12-05-2021 01:14:11.270: Peer 1003 received the ‘have’ message from 1002 for the piece 186.
12-05-2021 01:14:11.301: Peer 1003 has downloaded the piece 152 from 1001. Now the number of pieces it has is 140.
12-05-2021 01:14:11.369: Peer 1003 has downloaded the piece 75 from 1002. Now the number of pieces it has is 141.
12-05-2021 01:14:11.406: Peer 1003 received the ‘not interested’ message from 1002.
12-05-2021 01:14:11.523: Peer 1003 has downloaded the piece 128 from 1001. Now the number of pieces it has is 142.
12-05-2021 01:14:11.542: Peer 1003 received the ‘have’ message from 1002 for the piece 36.
12-05-2021 01:14:11.545: Peer 1003 received the ‘have’ message from 1002 for the piece 126.
12-05-2021 01:14:11.597: Peer 1003 has downloaded the piece 186 from 1002. Now the number of pieces it has is 143.
12-05-2021 01:14:11.725: Peer 1003 has downloaded the piece 141 from 1001. Now the number of pieces it has is 144.
12-05-2021 01:14:11.726: Peer 1003 received the ‘have’ message from 1002 for the piece 178.
12-05-2021 01:14:11.730: Peer 1003 received the ‘have’ message from 1002 for the piece 8.
12-05-2021 01:14:11.789: Peer 1003 received the ‘not interested’ message from 1002.
12-05-2021 01:14:11.793: Peer 1003 has downloaded the piece 190 from 1002. Now the number of pieces it has is 145.
12-05-2021 01:14:11.794: Peer 1003 received the ‘interested’ message from 1002.
12-05-2021 01:14:11.898: Peer 1003 has downloaded the piece 187 from 1001. Now the number of pieces it has is 146.
12-05-2021 01:14:11.921: Peer 1003 received the ‘have’ message from 1002 for the piece 7.
12-05-2021 01:14:11.925: Peer 1003 received the ‘have’ message from 1002 for the piece 156.
12-05-2021 01:14:11.946: Peer 1003 received the ‘interested’ message from 1002.
12-05-2021 01:14:11.951: Peer 1003 received the ‘not interested’ message from 1002.
12-05-2021 01:14:12.016: Peer 1003 has downloaded the piece 1 from 1002. Now the number of pieces it has is 147.
12-05-2021 01:14:12.104: Peer 1003 has downloaded the piece 184 from 1001. Now the number of pieces it has is 148.
12-05-2021 01:14:12.126: Peer 1003 received the ‘interested’ message from 1002.
12-05-2021 01:14:12.129: Peer 1003 received the ‘not interested’ message from 1002.
12-05-2021 01:14:12.170: Peer 1003 received the ‘have’ message from 1002 for the piece 118.
12-05-2021 01:14:12.256: Peer 1003 has downloaded the piece 39 from 1002. Now the number of pieces it has is 149.
12-05-2021 01:14:12.258: Peer 1003 received the ‘not interested’ message from 1002.
12-05-2021 01:14:12.270: Peer 1003 received the ‘not interested’ message from 1002.
12-05-2021 01:14:12.314: Peer 1003 has downloaded the piece 94 from 1001. Now the number of pieces it has is 150.
12-05-2021 01:14:12.437: Peer 1003 received the ‘have’ message from 1002 for the piece 128.
12-05-2021 01:14:12.442: Peer 1003 received the ‘have’ message from 1002 for the piece 116.
12-05-2021 01:14:12.449: Peer 1003 received the ‘have’ message from 1002 for the piece 152.
12-05-2021 01:14:12.476: Peer 1003 received the ‘interested’ message from 1002.
12-05-2021 01:14:12.505: Peer 1003 has downloaded the piece 158 from 1002. Now the number of pieces it has is 151.
12-05-2021 01:14:12.575: Peer 1003 has downloaded the piece 170 from 1001. Now the number of pieces it has is 152.
12-05-2021 01:14:12.576: Peer 1003 received the ‘not interested’ message from 1002.
12-05-2021 01:14:12.579: Peer 1003 received the ‘interested’ message from 1002.
12-05-2021 01:14:12.614: Peer 1003 received the ‘have’ message from 1002 for the piece 137.
12-05-2021 01:14:12.621: Peer 1003 received the ‘have’ message from 1002 for the piece 14.
12-05-2021 01:14:12.700: Peer 1003 has downloaded the piece 7 from 1002. Now the number of pieces it has is 153.
12-05-2021 01:14:12.744: Peer 1003 received the ‘not interested’ message from 1002.
12-05-2021 01:14:12.794: Peer 1003 has downloaded the piece 95 from 1001. Now the number of pieces it has is 154.
12-05-2021 01:14:12.867: Peer 1003 received the ‘have’ message from 1002 for the piece 129.
12-05-2021 01:14:12.872: Peer 1003 received the ‘have’ message from 1002 for the piece 138.
12-05-2021 01:14:12.877: Peer 1003 received the ‘have’ message from 1002 for the piece 141.
12-05-2021 01:14:12.928: Peer 1003 received the ‘interested’ message from 1002.
12-05-2021 01:14:12.936: Peer 1003 has downloaded the piece 178 from 1002. Now the number of pieces it has is 155.
12-05-2021 01:14:13.074: Peer 1003 received the ‘not interested’ message from 1002.
12-05-2021 01:14:13.079: Peer 1003 received the ‘interested’ message from 1002.
12-05-2021 01:14:13.089: Peer 1003 received the ‘have’ message from 1002 for the piece 43.
12-05-2021 01:14:13.094: Peer 1003 received the ‘have’ message from 1002 for the piece 94.
12-05-2021 01:14:13.105: Peer 1003 has downloaded the piece 43 from 1001. Now the number of pieces it has is 156.
12-05-2021 01:14:13.135: Peer 1003 has downloaded the piece 137 from 1002. Now the number of pieces it has is 157.
12-05-2021 01:14:13.274: Peer 1003 received the ‘not interested’ message from 1002.
12-05-2021 01:14:13.279: Peer 1003 received the ‘have’ message from 1002 for the piece 148.
12-05-2021 01:14:13.350: Peer 1003 has downloaded the piece 32 from 1002. Now the number of pieces it has is 158.
12-05-2021 01:14:13.383: Peer 1003 has downloaded the piece 123 from 1001. Now the number of pieces it has is 159.
12-05-2021 01:14:13.452: Peer 1003 received the ‘not interested’ message from 1002.
12-05-2021 01:14:13.454: Peer 1003 received the ‘not interested’ message from 1002.
12-05-2021 01:14:13.544: Peer 1003 received the ‘have’ message from 1002 for the piece 95.
12-05-2021 01:14:13.553: Peer 1003 received the ‘have’ message from 1002 for the piece 119.
12-05-2021 01:14:13.595: Peer 1003 has downloaded the piece 148 from 1002. Now the number of pieces it has is 160.
12-05-2021 01:14:13.642: Peer 1003 has downloaded the piece 79 from 1001. Now the number of pieces it has is 161.
12-05-2021 01:14:13.732: Peer 1003 received the ‘have’ message from 1002 for the piece 22.
12-05-2021 01:14:13.737: Peer 1003 received the ‘have’ message from 1002 for the piece 155.
12-05-2021 01:14:13.779: Peer 1003 has downloaded the piece 154 from 1002. Now the number of pieces it has is 162.
12-05-2021 01:14:13.783: Peer 1003 has the preferred neighbor.
12-05-2021 01:14:13.792: Peer 1003 has the preferred neighbor.
12-05-2021 01:14:13.798: Peer 1003 received the ‘not interested’ message from 1002.
12-05-2021 01:14:13.803: Peer 1003 received the ‘interested’ message from 1002.
12-05-2021 01:14:13.865: Peer 1003 has downloaded the piece 169 from 1001. Now the number of pieces it has is 163.
12-05-2021 01:14:13.890: Peer 1003 received the ‘have’ message from 1002 for the piece 177.
12-05-2021 01:14:13.893: Peer 1003 received the ‘have’ message from 1002 for the piece 184.
12-05-2021 01:14:13.926: Peer 1003 received the ‘not interested’ message from 1002.
12-05-2021 01:14:13.931: Peer 1003 received the ‘interested’ message from 1002.
12-05-2021 01:14:13.950: Peer 1003 has downloaded the piece 142 from 1002. Now the number of pieces it has is 164.
12-05-2021 01:14:14.065: Peer 1003 has downloaded the piece 9 from 1001. Now the number of pieces it has is 165.
12-05-2021 01:14:14.090: Peer 1003 received the ‘have’ message from 1002 for the piece 170.
12-05-2021 01:14:14.094: Peer 1003 received the ‘have’ message from 1002 for the piece 38.
12-05-2021 01:14:14.132: Peer 1003 received the ‘not interested’ message from 1002.
12-05-2021 01:14:14.134: Peer 1003 received the ‘interested’ message from 1002.
12-05-2021 01:14:14.185: Peer 1003 has downloaded the piece 119 from 1002. Now the number of pieces it has is 166.
12-05-2021 01:14:14.260: Peer 1003 has downloaded the piece 177 from 1001. Now the number of pieces it has is 167.
12-05-2021 01:14:14.297: Peer 1003 received the ‘not interested’ message from 1002.
12-05-2021 01:14:14.360: Peer 1003 received the ‘have’ message from 1002 for the piece 79.
12-05-2021 01:14:14.365: Peer 1003 received the ‘have’ message from 1002 for the piece 123.
12-05-2021 01:14:14.445: Peer 1003 has downloaded the piece 126 from 1002. Now the number of pieces it has is 168.
12-05-2021 01:14:14.483: Peer 1003 has downloaded the piece 48 from 1001. Now the number of pieces it has is 169.
12-05-2021 01:14:14.504: Peer 1003 received the ‘interested’ message from 1002.
12-05-2021 01:14:14.507: Peer 1003 received the ‘not interested’ message from 1002.
12-05-2021 01:14:14.632: Peer 1003 received the ‘have’ message from 1002 for the piece 161.
12-05-2021 01:14:14.741: Peer 1003 has downloaded the piece 38 from 1002. Now the number of pieces it has is 170.
12-05-2021 01:14:14.766: Peer 1003 received the ‘not interested’ message from 1002.
12-05-2021 01:14:14.766: Peer 1003 has downloaded the piece 118 from 1001. Now the number of pieces it has is 171.
12-05-2021 01:14:14.916: Peer 1003 received the ‘interested’ message from 1002.
12-05-2021 01:14:14.918: Peer 1003 received the ‘not interested’ message from 1002.
12-05-2021 01:14:14.935: Peer 1003 received the ‘have’ message from 1002 for the piece 105.
12-05-2021 01:14:14.939: Peer 1003 received the ‘have’ message from 1002 for the piece 169.
12-05-2021 01:14:14.947: Peer 1003 received the ‘have’ message from 1002 for the piece 9.
12-05-2021 01:14:14.984: Peer 1003 has downloaded the piece 155 from 1002. Now the number of pieces it has is 172.
12-05-2021 01:14:15.027: Peer 1003 has downloaded the piece 105 from 1001. Now the number of pieces it has is 173.
12-05-2021 01:14:15.115: Peer 1003 received the ‘have’ message from 1002 for the piece 51.
12-05-2021 01:14:15.124: Peer 1003 received the ‘not interested’ message from 1002.
12-05-2021 01:14:15.127: Peer 1003 received the ‘not interested’ message from 1002.
12-05-2021 01:14:15.198: Peer 1003 has downloaded the piece 69 from 1002. Now the number of pieces it has is 174.
12-05-2021 01:14:15.295: Peer 1003 has downloaded the piece 116 from 1001. Now the number of pieces it has is 175.
12-05-2021 01:14:15.357: Peer 1003 received the ‘not interested’ message from 1002.
12-05-2021 01:14:15.377: Peer 1003 received the ‘have’ message from 1002 for the piece 48.
12-05-2021 01:14:15.381: Peer 1003 received the ‘have’ message from 1002 for the piece 54.
12-05-2021 01:14:15.436: Peer 1003 received the ‘not interested’ message from 1002.
12-05-2021 01:14:15.440: Peer 1003 received the ‘not interested’ message from 1002.
12-05-2021 01:14:15.442: Peer 1003 received the ‘not interested’ message from 1002.
12-05-2021 01:14:15.449: Peer 1003 has downloaded the piece 21 from 1002. Now the number of pieces it has is 176.
12-05-2021 01:14:15.558: Peer 1003 has downloaded the piece 104 from 1001. Now the number of pieces it has is 177.
12-05-2021 01:14:15.589: Peer 1003 received the ‘not interested’ message from 1002.
12-05-2021 01:14:15.597: Peer 1003 received the ‘not interested’ message from 1002.
12-05-2021 01:14:15.601: Peer 1003 received the ‘have’ message from 1002 for the piece 150.
12-05-2021 01:14:15.603: Peer 1003 received the ‘not interested’ message from 1002.
12-05-2021 01:14:15.609: Peer 1003 received the ‘interested’ message from 1002.
12-05-2021 01:14:15.660: Peer 1003 has downloaded the piece 54 from 1002. Now the number of pieces it has is 178.
12-05-2021 01:14:15.678: Peer 1003 received the ‘not interested’ message from 1002.
12-05-2021 01:14:15.718: Peer 1003 has downloaded the piece 176 from 1001. Now the number of pieces it has is 179.
12-05-2021 01:14:15.726: Peer 1003 received the ‘interested’ message from 1002.
12-05-2021 01:14:15.781: Peer 1003 received the ‘have’ message from 1002 for the piece 104.
12-05-2021 01:14:15.816: Peer 1003 has downloaded the piece 161 from 1002. Now the number of pieces it has is 180.
12-05-2021 01:14:15.827: Peer 1003 received the ‘not interested’ message from 1002.
12-05-2021 01:14:15.899: Peer 1003 has downloaded the piece 13 from 1001. Now the number of pieces it has is 181.
12-05-2021 01:14:15.900: Peer 1003 received the ‘have’ message from 1002 for the piece 83.
12-05-2021 01:14:15.907: Peer 1003 received the ‘interested’ message from 1002.
12-05-2021 01:14:15.943: Peer 1003 has downloaded the piece 150 from 1002. Now the number of pieces it has is 182.
12-05-2021 01:14:15.949: Peer 1003 received the ‘not interested’ message from 1002.
12-05-2021 01:14:16.096: Peer 1003 has downloaded the piece 83 from 1002. Now the number of pieces it has is 183.
12-05-2021 01:14:16.097: Peer 1003 has downloaded the piece 37 from 1001. Now the number of pieces it has is 184.
12-05-2021 01:14:16.104: Peer 1003 received the ‘interested’ message from 1002.
12-05-2021 01:14:16.109: Peer 1003 received the ‘not interested’ message from 1002.
12-05-2021 01:14:16.219: Peer 1003 received the ‘have’ message from 1002 for the piece 68.
12-05-2021 01:14:16.227: Peer 1003 received the ‘have’ message from 1002 for the piece 159.
12-05-2021 01:14:16.246: Peer 1003 has downloaded the piece 136 from 1001. Now the number of pieces it has is 185.
12-05-2021 01:14:16.255: Peer 1003 received the ‘interested’ message from 1002.
12-05-2021 01:14:16.273: Peer 1003 has downloaded the piece 129 from 1002. Now the number of pieces it has is 186.
12-05-2021 01:14:16.282: Peer 1003 received the ‘not interested’ message from 1002.
12-05-2021 01:14:16.388: Peer 1003 received the ‘have’ message from 1002 for the piece 112.
12-05-2021 01:14:16.411: Peer 1003 has downloaded the piece 112 from 1001. Now the number of pieces it has is 187.
12-05-2021 01:14:16.419: Peer 1003 received the ‘not interested’ message from 1002.
12-05-2021 01:14:16.450: Peer 1003 has downloaded the piece 68 from 1002. Now the number of pieces it has is 188.
12-05-2021 01:14:16.466: Peer 1003 received the ‘not interested’ message from 1002.
12-05-2021 01:14:16.560: Peer 1003 has downloaded the piece 159 from 1001. Now the number of pieces it has is 189.
12-05-2021 01:14:16.567: Peer 1003 received the ‘have’ message from 1002 for the piece 6.
12-05-2021 01:14:16.570: Peer 1003 received the ‘not interested’ message from 1002.
12-05-2021 01:14:16.607: Peer 1003 has downloaded the piece 159 from 1002. Now the number of pieces it has is 189.
12-05-2021 01:14:16.733: Peer 1003 has downloaded the piece 6 from 1001. Now the number of pieces it has is 190.
12-05-2021 01:14:16.741: Peer 1003 received the ‘not interested’ message from 1002.
12-05-2021 01:14:16.750: Peer 1003 has downloaded the piece 6 from 1002. Now the number of pieces it has is 190.
12-05-2021 01:14:16.862: Peer 1003 received the ‘have’ message from 1002 for the piece 37.
12-05-2021 01:14:16.869: Peer 1003 received the ‘have’ message from 1002 for the piece 67.
12-05-2021 01:14:16.914: Peer 1003 has downloaded the piece 67 from 1001. Now the number of pieces it has is 191.
12-05-2021 01:14:16.926: Peer 1003 received the ‘not interested’ message from 1002.
12-05-2021 01:14:16.939: Peer 1003 has downloaded the piece 51 from 1002. Now the number of pieces it has is 192.
12-05-2021 01:14:16.944: Peer 1003 received the ‘not interested’ message from 1002.
12-05-2021 01:14:17.024: Peer 1003 has downloaded the complete file.
12-05-2021 01:14:17.033: Peer 1003 has downloaded the complete file.
12-05-2021 01:14:18.783: Peer 1003 has the preferred neighbor.
12-05-2021 01:14:18.796: Peer 1003 has the preferred neighbor.
12-05-2021 01:14:23.786: Peer 1003 has the preferred neighbor.
12-05-2021 01:14:23.796: Peer 1003 has the preferred neighbor.
